Determining if the pthread_create exist failed with the following output:
Change Dir: /home/taehoon/catkin_ws/build/libmavconn/CMakeFiles/CMakeTmp

Run Build Command:"/usr/bin/make" "cmTC_ffde6/fast"
/usr/bin/make -f CMakeFiles/cmTC_ffde6.dir/build.make CMakeFiles/cmTC_ffde6.dir/build
make[1]: Entering directory '/home/taehoon/catkin_ws/build/libmavconn/CMakeFiles/CMakeTmp'
Building C object CMakeFiles/cmTC_ffde6.dir/CheckSymbolExists.c.o
/usr/bin/cc    -o CMakeFiles/cmTC_ffde6.dir/CheckSymbolExists.c.o   -c /home/taehoon/catkin_ws/build/libmavconn/CMakeFiles/CMakeTmp/CheckSymbolExists.c
Linking C executable cmTC_ffde6
/usr/bin/cmake -E cmake_link_script CMakeFiles/cmTC_ffde6.dir/link.txt --verbose=1
/usr/bin/cc      -rdynamic CMakeFiles/cmTC_ffde6.dir/CheckSymbolExists.c.o  -o cmTC_ffde6 
CMakeFiles/cmTC_ffde6.dir/CheckSymbolExists.c.o: In function `main':
CheckSymbolExists.c:(.text+0x1b): undefined reference to `pthread_create'
collect2: error: ld returned 1 exit status
CMakeFiles/cmTC_ffde6.dir/build.make:97: recipe for target 'cmTC_ffde6' failed
make[1]: *** [cmTC_ffde6] Error 1
make[1]: Leaving directory '/home/taehoon/catkin_ws/build/libmavconn/CMakeFiles/CMakeTmp'
Makefile:126: recipe for target 'cmTC_ffde6/fast' failed
make: *** [cmTC_ffde6/fast] Error 2

File /home/taehoon/catkin_ws/build/libmavconn/CMakeFiles/CMakeTmp/CheckSymbolExists.c:
/* */
#include <pthread.h>

int main(int argc, char** argv)
{
  (void)argv;
#ifndef pthread_create
  return ((int*)(&pthread_create))[argc];
#else
  (void)argc;
  return 0;
#endif
}

Determining if the function pthread_create exists in the pthreads failed with the following output:
Change Dir: /home/taehoon/catkin_ws/build/libmavconn/CMakeFiles/CMakeTmp

Run Build Command:"/usr/bin/make" "cmTC_53235/fast"
/usr/bin/make -f CMakeFiles/cmTC_53235.dir/build.make CMakeFiles/cmTC_53235.dir/build
make[1]: Entering directory '/home/taehoon/catkin_ws/build/libmavconn/CMakeFiles/CMakeTmp'
Building C object CMakeFiles/cmTC_53235.dir/CheckFunctionExists.c.o
/usr/bin/cc   -DCHECK_FUNCTION_EXISTS=pthread_create   -o CMakeFiles/cmTC_53235.dir/CheckFunctionExists.c.o   -c /usr/share/cmake-3.10/Modules/CheckFunctionExists.c
Linking C executable cmTC_53235
/usr/bin/cmake -E cmake_link_script CMakeFiles/cmTC_53235.dir/link.txt --verbose=1
/usr/bin/cc  -DCHECK_FUNCTION_EXISTS=pthread_create    -rdynamic CMakeFiles/cmTC_53235.dir/CheckFunctionExists.c.o  -o cmTC_53235 -lpthreads 
/usr/bin/ld: cannot find -lpthreads
collect2: error: ld returned 1 exit status
CMakeFiles/cmTC_53235.dir/build.make:97: recipe for target 'cmTC_53235' failed
make[1]: *** [cmTC_53235] Error 1
make[1]: Leaving directory '/home/taehoon/catkin_ws/build/libmavconn/CMakeFiles/CMakeTmp'
Makefile:126: recipe for target 'cmTC_53235/fast' failed
make: *** [cmTC_53235/fast] Error 2


